
[2026-01-29T06:51:48.669Z]
{
  "fileReceived": true,
  "file": {
    "fieldname": "attachment",
    "originalname": "Voucher_TNS-873_2025-08-16 (1).pdf",
    "encoding": "7bit",
    "mimetype": "application/pdf",
    "destination": "uploads/issue_po",
    "filename": "issue_po_1769669508656.pdf",
    "path": "uploads\\issue_po\\issue_po_1769669508656.pdf",
    "size": 15159
  }
}

[2026-01-29T06:52:00.669Z]
{
  "fileReceived": true,
  "file": {
    "fieldname": "attachment",
    "originalname": "Voucher_TNS-873_2025-08-16 (1).pdf",
    "encoding": "7bit",
    "mimetype": "application/pdf",
    "destination": "uploads/issue_po",
    "filename": "issue_po_1769669520625.pdf",
    "path": "uploads\\issue_po\\issue_po_1769669520625.pdf",
    "size": 15159
  }
}

[2026-01-29T06:53:35.804Z]
{
  "fileReceived": true,
  "file": {
    "fieldname": "attachment",
    "originalname": "Voucher_TNS-873_2025-08-16 (1).pdf",
    "encoding": "7bit",
    "mimetype": "application/pdf",
    "destination": "uploads/issue_po",
    "filename": "issue_po_1769669615800.pdf",
    "path": "uploads\\issue_po\\issue_po_1769669615800.pdf",
    "size": 15159
  }
}

[2026-01-29T06:54:55.186Z]
{
  "fileReceived": true,
  "file": {
    "fieldname": "attachment",
    "originalname": "Voucher_TNS-873_2025-08-16.pdf",
    "encoding": "7bit",
    "mimetype": "application/pdf",
    "destination": "uploads/issue_po",
    "filename": "issue_po_1769669695185.pdf",
    "path": "uploads\\issue_po\\issue_po_1769669695185.pdf",
    "size": 15181
  }
}

[2026-01-29T06:56:47.368Z]
{
  "fileReceived": true,
  "file": {
    "fieldname": "attachment",
    "originalname": "Voucher_TNS-873_2025-08-16 (1).pdf",
    "encoding": "7bit",
    "mimetype": "application/pdf",
    "destination": "uploads/issue_po",
    "filename": "issue_po_1769669807363.pdf",
    "path": "uploads\\issue_po\\issue_po_1769669807363.pdf",
    "size": 15159
  }
}

[2026-01-29T07:25:23.101Z]
{
  "fileReceived": false,
  "file": null
}

[2026-01-29T07:26:49.690Z]
{
  "fileReceived": false,
  "file": null
}

[2026-01-29T07:27:35.892Z]
{
  "fileReceived": true,
  "file": {
    "fieldname": "attachment",
    "originalname": "resume_cv.pdf",
    "encoding": "7bit",
    "mimetype": "application/pdf",
    "destination": "uploads/issue_po",
    "filename": "issue_po_1769671655883.pdf",
    "path": "uploads\\issue_po\\issue_po_1769671655883.pdf",
    "size": 7956
  }
}

[2026-01-29T09:51:06.904Z]
{
  "fileReceived": false,
  "file": null
}

[2026-01-29T09:59:20.095Z]
{
  "fileReceived": true,
  "file": {
    "fieldname": "attachment",
    "originalname": "Voucher_TNS-873_2025-08-16.pdf",
    "encoding": "7bit",
    "mimetype": "application/pdf",
    "destination": "uploads/issue_po",
    "filename": "issue_po_1769680760080.pdf",
    "path": "uploads\\issue_po\\issue_po_1769680760080.pdf",
    "size": 15181
  }
}

[2026-01-30T05:36:43.047Z]
{
  "fileReceived": true,
  "file": {
    "fieldname": "attachment",
    "originalname": "Ankit Resume (2).pdf",
    "encoding": "7bit",
    "mimetype": "application/pdf",
    "destination": "uploads/issue_po",
    "filename": "issue_po_1769751403020.pdf",
    "path": "uploads\\issue_po\\issue_po_1769751403020.pdf",
    "size": 260917
  }
}

[2026-01-30T05:38:10.952Z]
{
  "fileReceived": false,
  "file": null
}

[2026-01-30T05:49:57.563Z]
{
  "fileReceived": true,
  "file": {
    "fieldname": "attachment",
    "originalname": "Ankit Resume (2).pdf",
    "encoding": "7bit",
    "mimetype": "application/pdf",
    "destination": "uploads/issue_po",
    "filename": "issue_po_1769752197554.pdf",
    "path": "uploads\\issue_po\\issue_po_1769752197554.pdf",
    "size": 260917
  }
}

[2026-01-30T05:59:30.256Z]
{
  "fileReceived": false,
  "file": null
}

[2026-01-30T06:02:15.096Z]
{
  "fileReceived": false,
  "file": null
}

[2026-02-02T06:46:34.398Z]
{
  "fileReceived": true,
  "file": {
    "fieldname": "attachment",
    "originalname": "Voucher_TNS-874_2025-08-16.pdf",
    "encoding": "7bit",
    "mimetype": "application/pdf",
    "destination": "uploads/issue_po",
    "filename": "issue_po_1770014794390.pdf",
    "path": "uploads\\issue_po\\issue_po_1770014794390.pdf",
    "size": 15200
  }
}
