
[2026-01-29T06:51:48.671Z]
{
  "api": "PUT /api/issue_po",
  "body": {
    "indent_id": "1521e248-b3be-4033-919b-ea5804afb594",
    "issue_date": "2026-01-31",
    "supplier_contact": "6264460405",
    "mode_of_send": "WhatsApp"
  },
  "file": {
    "original": "Voucher_TNS-873_2025-08-16 (1).pdf",
    "savedAs": "issue_po_1769669508656.pdf",
    "size": 15159,
    "mimetype": "application/pdf"
  }
}

[2026-01-29T06:52:00.669Z]
{
  "api": "PUT /api/issue_po",
  "body": {
    "indent_id": "1521e248-b3be-4033-919b-ea5804afb594",
    "issue_date": "2026-01-31",
    "supplier_contact": "6264460405",
    "mode_of_send": "WhatsApp"
  },
  "file": {
    "original": "Voucher_TNS-873_2025-08-16 (1).pdf",
    "savedAs": "issue_po_1769669520625.pdf",
    "size": 15159,
    "mimetype": "application/pdf"
  }
}

[2026-01-29T06:53:35.804Z]
{
  "api": "PUT /api/issue_po",
  "body": {
    "indent_id": "1521e248-b3be-4033-919b-ea5804afb594",
    "issue_date": "2026-01-31",
    "supplier_contact": "6264460405",
    "mode_of_send": "WhatsApp"
  },
  "file": {
    "original": "Voucher_TNS-873_2025-08-16 (1).pdf",
    "savedAs": "issue_po_1769669615800.pdf",
    "size": 15159,
    "mimetype": "application/pdf"
  }
}

[2026-01-29T06:54:55.188Z]
{
  "api": "PUT /api/issue_po",
  "body": {
    "indent_id": "72a601ae-520c-4deb-a813-d13d09688441",
    "issue_date": "2026-01-31",
    "supplier_contact": "8103699033",
    "mode_of_send": "WhatsApp"
  },
  "file": {
    "original": "Voucher_TNS-873_2025-08-16.pdf",
    "savedAs": "issue_po_1769669695185.pdf",
    "size": 15181,
    "mimetype": "application/pdf"
  }
}

[2026-01-29T06:56:47.371Z]
{
  "api": "PUT /api/issue_po",
  "body": {
    "indent_id": "7032ddf9-3716-460f-a30f-3d243f9fddaa",
    "issue_date": "2026-02-05",
    "supplier_contact": "9893049413",
    "mode_of_send": "WhatsApp"
  },
  "file": {
    "original": "Voucher_TNS-873_2025-08-16 (1).pdf",
    "savedAs": "issue_po_1769669807363.pdf",
    "size": 15159,
    "mimetype": "application/pdf"
  }
}

[2026-01-29T07:25:23.109Z]
{
  "api": "PUT /api/issue_po",
  "body": {
    "issue_date": "2026-01-29",
    "supplier_contact": "6264460000",
    "mode_of_send": "WhatsApp",
    "indent_id": "40c04e78-80f7-447e-b839-38025335dfe4"
  },
  "file": null
}

[2026-01-29T07:26:49.691Z]
{
  "api": "PUT /api/issue_po",
  "body": {
    "issue_date": "2026-01-29",
    "supplier_contact": "7879000000",
    "mode_of_send": "WhatsApp",
    "indent_id": "73fdd757-b3d2-4139-8f27-675aae67a00b"
  },
  "file": null
}

[2026-01-29T07:27:35.893Z]
{
  "api": "PUT /api/issue_po",
  "body": {
    "issue_date": "2026-01-29",
    "supplier_contact": "7879000000",
    "mode_of_send": "WhatsApp",
    "indent_id": "73fdd757-b3d2-4139-8f27-675aae67a00b"
  },
  "file": {
    "original": "resume_cv.pdf",
    "savedAs": "issue_po_1769671655883.pdf",
    "size": 7956,
    "mimetype": "application/pdf"
  }
}

[2026-01-29T09:51:06.907Z]
{
  "api": "PUT /api/issue_po",
  "body": {
    "indent_id": "264960e4-7cb8-46cb-aa70-946cb8e137b5",
    "issue_date": "2026-01-31",
    "supplier_contact": "6264460405",
    "mode_of_send": "WhatsApp"
  },
  "file": null
}

[2026-01-29T09:59:20.100Z]
{
  "api": "PUT /api/issue_po",
  "body": {
    "indent_id": "abb43d35-8a31-42f3-9a83-e10ee0055e75",
    "issue_date": "2026-01-31",
    "supplier_contact": "6264460405",
    "mode_of_send": "WhatsApp"
  },
  "file": {
    "original": "Voucher_TNS-873_2025-08-16.pdf",
    "savedAs": "issue_po_1769680760080.pdf",
    "size": 15181,
    "mimetype": "application/pdf"
  }
}

[2026-01-30T05:36:43.056Z]
{
  "api": "PUT /api/issue_po",
  "body": {
    "indent_id": "d71a5c0d-1140-42e9-ab60-9e6d67a34c46",
    "issue_date": "2026-01-30",
    "supplier_contact": "6264460405",
    "mode_of_send": "WhatsApp"
  },
  "file": {
    "original": "Ankit Resume (2).pdf",
    "savedAs": "issue_po_1769751403020.pdf",
    "size": 260917,
    "mimetype": "application/pdf"
  }
}

[2026-01-30T05:38:10.953Z]
{
  "api": "PUT /api/issue_po",
  "body": {
    "issue_date": "2026-01-30",
    "supplier_contact": "8103699033",
    "mode_of_send": "WhatsApp",
    "indent_id": "d71a5c0d-1140-42e9-ab60-9e6d67a34c46"
  },
  "file": null
}

[2026-01-30T05:49:57.569Z]
{
  "api": "PUT /api/issue_po",
  "body": {
    "issue_date": "2026-01-30",
    "supplier_contact": "8103699033",
    "mode_of_send": "WhatsApp",
    "indent_id": "d71a5c0d-1140-42e9-ab60-9e6d67a34c46"
  },
  "file": {
    "original": "Ankit Resume (2).pdf",
    "savedAs": "issue_po_1769752197554.pdf",
    "size": 260917,
    "mimetype": "application/pdf"
  }
}

[2026-01-30T05:59:30.260Z]
{
  "api": "PUT /api/issue_po",
  "body": {
    "indent_id": "fee4fbe9-05f3-48af-89b8-677f9bbf355b",
    "issue_date": "2026-01-30",
    "supplier_contact": "6264460406",
    "mode_of_send": "WhatsApp"
  },
  "file": null
}

[2026-01-30T06:02:15.097Z]
{
  "api": "PUT /api/issue_po",
  "body": {
    "indent_id": "2344f0a7-4fba-47b4-9fd0-5070a425d6c8",
    "issue_date": "2026-01-31",
    "supplier_contact": "6264460405",
    "mode_of_send": "WhatsApp"
  },
  "file": null
}

[2026-02-02T06:46:34.404Z]
{
  "api": "PUT /api/issue_po",
  "body": {
    "indent_id": "665a4bee-3128-4ef3-8c9f-a3a158d579c3",
    "issue_date": "2026-02-10",
    "supplier_contact": "6264460405",
    "mode_of_send": "WhatsApp"
  },
  "file": {
    "original": "Voucher_TNS-874_2025-08-16.pdf",
    "savedAs": "issue_po_1770014794390.pdf",
    "size": 15200,
    "mimetype": "application/pdf"
  }
}

[2026-02-02T11:05:40.896Z]
{
  "api": "PUT /api/issue_po",
  "body": {
    "indent_id": "29fdf21e-9c57-4c08-9e55-a2dee68ec2f9",
    "issue_date": "2026-02-28",
    "supplier_contact": "6264460405",
    "mode_of_send": "WhatsApp"
  },
  "file": null
}

[2026-02-02T11:05:50.953Z]
{
  "api": "PUT /api/issue_po",
  "body": {
    "indent_id": "29fdf21e-9c57-4c08-9e55-a2dee68ec2f9",
    "issue_date": "2026-02-28",
    "supplier_contact": "6264460405",
    "mode_of_send": "WhatsApp"
  },
  "file": null
}

[2026-02-02T11:11:22.609Z]
{
  "api": "PUT /api/issue_po",
  "body": {
    "indent_id": "53053087-fe5b-4250-b1cc-567645f882c8",
    "issue_date": "2026-02-10 16:41:22",
    "supplier_contact": "6264460405",
    "mode_of_send": "WhatsApp"
  },
  "file": null
}

[2026-02-02T11:16:20.481Z]
{
  "api": "PUT /api/issue_po",
  "body": {
    "indent_id": "c9c429d5-fad0-442c-871b-d9a7621afcb8",
    "issue_date": "2026-02-13 16:46:20",
    "supplier_contact": "6264460405",
    "mode_of_send": "WhatsApp"
  },
  "file": null
}

[2026-02-02T11:24:14.296Z]
{
  "api": "PUT /api/issue_po",
  "body": {
    "indent_id": "ddc10a08-c12a-43c9-ba86-fba5f1af2359",
    "issue_date": "2026-02-05 16:54:14",
    "supplier_contact": "6264460405",
    "mode_of_send": "WhatsApp"
  },
  "file": null
}

[2026-02-02T11:26:55.228Z]
{
  "api": "PUT /api/issue_po",
  "body": {
    "indent_id": "4c0a8de5-878c-4956-add3-adeb094ebd20",
    "issue_date": "2026-02-06 16:56:55",
    "supplier_contact": "6264460405",
    "mode_of_send": "WhatsApp"
  },
  "file": null
}

[2026-02-02T11:27:07.470Z]
{
  "api": "PUT /api/issue_po",
  "body": {
    "indent_id": "4c0a8de5-878c-4956-add3-adeb094ebd20",
    "issue_date": "2026-02-06 16:57:07",
    "supplier_contact": "6264460405",
    "mode_of_send": "WhatsApp"
  },
  "file": null
}

[2026-02-02T11:28:56.387Z]
{
  "api": "PUT /api/issue_po",
  "body": {
    "indent_id": "4c0a8de5-878c-4956-add3-adeb094ebd20",
    "issue_date": "2026-02-06 16:58:56",
    "supplier_contact": "6264460405",
    "mode_of_send": "WhatsApp"
  },
  "file": null
}
