
[2026-01-29T06:51:48.759Z]
{
  "action": "SEND_WHATSAPP",
  "indent_id": "1521e248-b3be-4033-919b-ea5804afb594",
  "phone": "6264460405"
}

[2026-01-29T06:52:00.845Z]
{
  "action": "SEND_WHATSAPP",
  "indent_id": "1521e248-b3be-4033-919b-ea5804afb594",
  "phone": "6264460405"
}

[2026-01-29T06:53:35.871Z]
{
  "action": "SEND_WHATSAPP",
  "indent_id": "1521e248-b3be-4033-919b-ea5804afb594",
  "phone": "6264460405"
}

[2026-01-29T06:54:55.268Z]
{
  "action": "SEND_WHATSAPP",
  "indent_id": "72a601ae-520c-4deb-a813-d13d09688441",
  "phone": "8103699033"
}

[2026-01-29T06:56:47.464Z]
{
  "action": "SEND_WHATSAPP",
  "indent_id": "7032ddf9-3716-460f-a30f-3d243f9fddaa",
  "phone": "9893049413"
}

[2026-01-29T07:26:49.800Z]
{
  "action": "SEND_WHATSAPP",
  "indent_id": "73fdd757-b3d2-4139-8f27-675aae67a00b",
  "phone": "7879000000"
}

[2026-01-29T07:27:36.064Z]
{
  "action": "SEND_WHATSAPP",
  "indent_id": "73fdd757-b3d2-4139-8f27-675aae67a00b",
  "phone": "7879000000"
}

[2026-01-29T09:51:07.137Z]
{
  "action": "SEND_WHATSAPP",
  "indent_id": "264960e4-7cb8-46cb-aa70-946cb8e137b5",
  "phone": "6264460405"
}

[2026-01-29T09:59:20.224Z]
{
  "action": "SEND_WHATSAPP",
  "indent_id": "abb43d35-8a31-42f3-9a83-e10ee0055e75",
  "phone": "6264460405"
}

[2026-01-30T05:36:43.274Z]
{
  "action": "SEND_WHATSAPP",
  "indent_id": "d71a5c0d-1140-42e9-ab60-9e6d67a34c46",
  "phone": "6264460405"
}

[2026-01-30T05:38:11.136Z]
{
  "action": "SEND_WHATSAPP",
  "indent_id": "d71a5c0d-1140-42e9-ab60-9e6d67a34c46",
  "phone": "8103699033"
}

[2026-01-30T05:49:57.811Z]
{
  "action": "SEND_WHATSAPP",
  "indent_id": "d71a5c0d-1140-42e9-ab60-9e6d67a34c46",
  "phone": "8103699033"
}

[2026-01-30T05:59:30.364Z]
{
  "action": "SEND_WHATSAPP",
  "indent_id": "fee4fbe9-05f3-48af-89b8-677f9bbf355b",
  "phone": "6264460406"
}

[2026-01-30T06:02:15.291Z]
{
  "action": "SEND_WHATSAPP",
  "indent_id": "2344f0a7-4fba-47b4-9fd0-5070a425d6c8",
  "phone": "6264460405"
}

[2026-02-02T06:46:34.511Z]
{
  "action": "SEND_WHATSAPP",
  "indent_id": "665a4bee-3128-4ef3-8c9f-a3a158d579c3",
  "phone": "6264460405"
}

[2026-02-02T11:05:40.964Z]
{
  "action": "SEND_WHATSAPP",
  "indent_id": "29fdf21e-9c57-4c08-9e55-a2dee68ec2f9",
  "phone": "6264460405"
}

[2026-02-02T11:05:50.966Z]
{
  "action": "SEND_WHATSAPP",
  "indent_id": "29fdf21e-9c57-4c08-9e55-a2dee68ec2f9",
  "phone": "6264460405"
}

[2026-02-02T11:11:22.689Z]
{
  "action": "SEND_WHATSAPP",
  "indent_id": "53053087-fe5b-4250-b1cc-567645f882c8",
  "phone": "6264460405"
}

[2026-02-02T11:16:20.567Z]
{
  "action": "SEND_WHATSAPP",
  "indent_id": "c9c429d5-fad0-442c-871b-d9a7621afcb8",
  "phone": "6264460405"
}

[2026-02-02T11:24:14.325Z]
{
  "action": "SEND_WHATSAPP",
  "indent_id": "ddc10a08-c12a-43c9-ba86-fba5f1af2359",
  "phone": "6264460405"
}

[2026-02-02T11:28:56.484Z]
{
  "action": "SEND_WHATSAPP",
  "indent_id": "4c0a8de5-878c-4956-add3-adeb094ebd20",
  "phone": "6264460405"
}
