
[2026-01-30T06:02:15.293Z]
{
  "step": "REQUEST",
  "url": "https://live-mt-server.wati.io/307099/api/v1/sendTemplateMessage?whatsappNumber=916264460405",
  "payload": {
    "template_name": "zoff_po",
    "broadcast_name": "PO_Issue",
    "parameters": [
      {
        "name": "supplier_name",
        "value": "rahul jain"
      },
      {
        "name": "po_number",
        "value": "DDN-DM1454/4154"
      },
      {
        "name": "material_name",
        "value": "steel"
      },
      {
        "name": "quantity",
        "value": "50 Kg"
      },
      {
        "name": "delivery_date",
        "value": "30/01/2026 12:00 AM"
      }
    ]
  }
}

[2026-01-30T06:02:15.628Z]
{
  "step": "RESPONSE",
  "status": 200,
  "data": {
    "result": true,
    "phone_number": "916264460405",
    "template_name": "zoff_po",
    "parameteres": [
      {
        "name": "supplier_name",
        "value": "rahul jain"
      },
      {
        "name": "po_number",
        "value": "DDN-DM1454/4154"
      },
      {
        "name": "material_name",
        "value": "steel"
      },
      {
        "name": "quantity",
        "value": "50 Kg"
      },
      {
        "name": "delivery_date",
        "value": "30/01/2026 12:00 AM"
      }
    ],
    "contact": {
      "id": "690898429e403e418848bd4c",
      "tenantId": "307099",
      "wAid": "916264460405",
      "firstName": "Ankit Dewangan",
      "fullName": "Ankit Dewangan",
      "phone": "916264460405",
      "source": "Wati",
      "contactStatus": "VALID",
      "photo": null,
      "created": "Nov-03-2025",
      "customParams": [
        {
          "name": "name",
          "value": "Ankit Dewangan"
        },
        {
          "name": "phone",
          "value": "916264460405"
        },
        {
          "name": "location",
          "value": "Raipur"
        },
        {
          "name": "totaltask",
          "value": "5"
        },
        {
          "name": "totalpending",
          "value": "1"
        },
        {
          "name": "todaytask",
          "value": "2"
        },
        {
          "name": "applink",
          "value": "https://checklist-and-delegation.vercel.app/"
        },
        {
          "name": "given_by",
          "value": "Head of Department"
        },
        {
          "name": "task_description",
          "value": "new demo task"
        },
        {
          "name": "end_date",
          "value": "Sat Nov 08 2025 00:00:00 GMT+0530 (India Standard Time)"
        },
        {
          "name": "app_link",
          "value": "https://checklist-and-delegation.vercel.app/"
        },
        {
          "name": "timestamp",
          "value": "Sat Nov 15 2025 15:46:09 GMT+0530 (India Standard Time)"
        },
        {
          "name": "inden_number",
          "value": "IN-002"
        },
        {
          "name": "product_no",
          "value": "1"
        },
        {
          "name": "supplier_name",
          "value": "Ankit"
        },
        {
          "name": "material_name",
          "value": "asd"
        },
        {
          "name": "po_number",
          "value": "2EDRFR12/C52DE"
        },
        {
          "name": "quantity",
          "value": "154 bag"
        },
        {
          "name": "rate",
          "value": "12"
        },
        {
          "name": "delivery_date",
          "value": "20/11/2025"
        },
        {
          "name": "planned1",
          "value": "Sat Nov 15 2025 16:46:09 GMT+0530 (India Standard Time)"
        },
        {
          "name": "actual1",
          "value": "Sat Nov 15 2025 16:43:22 GMT+0530 (India Standard Time)"
        },
        {
          "name": "issue_date",
          "value": "20/11/2025"
        },
        {
          "name": "supplier_contact",
          "value": "6264460405"
        },
        {
          "name": "mode_of_send",
          "value": "WhatsApp"
        },
        {
          "name": "po_attachment",
          "value": "https://drive.google.com/file/d/1Rpoh9ciZGN5Ao2dx6IyvrTgpXfjpU7EU/view?usp=sharing"
        },
        {
          "name": "documentsname",
          "value": "Ankit"
        },
        {
          "name": "documenttype",
          "value": "Invoice"
        },
        {
          "name": "category",
          "value": "Personal"
        },
        {
          "name": "image",
          "value": "https://drive.google.com/uc?export=view&id=1bpjwEvknm9qQbRWcEia5cYr1J62oVuhO"
        },
        {
          "name": "mobile_no_",
          "value": "6264460405"
        }
      ],
      "originalCustomParams": null,
      "importTaskId": null,
      "updatedFromImport": false,
      "optedIn": false,
      "isDeleted": false,
      "lastUpdated": "2026-01-15T12:13:21.993Z",
      "allowBroadcast": true,
      "allowSMS": true,
      "teamIds": [
        "65f03a3d271729e5086995dc"
      ],
      "isInFlow": false,
      "isInTestFlow": false,
      "lastFlowId": null,
      "currentFlowNodeId": null,
      "selectedHubspotId": null,
      "channelId": null,
      "displayId": null,
      "contactLinkId": null,
      "waChannelPhone": null,
      "igPhoneSource": 0,
      "mgPhoneSource": 0,
      "rcsPhoneSource": 0,
      "tagName": null,
      "messengerPageName": "",
      "paylinkSettings": null,
      "ctwaFollowUpStatus": 0,
      "ctwaFollowUpCount": 0,
      "ctwaFollowUpNotice": 0,
      "deletedFromSMB": false,
      "segments": [],
      "operatorIds": [],
      "regionCode": "IN",
      "customLabel": null
    },
    "model": {
      "ids": [
        "690898429e403e418848bd4c"
      ]
    },
    "validWhatsAppNumber": true
  }
}

[2026-02-02T06:46:34.514Z]
{
  "step": "REQUEST",
  "url": "https://live-mt-server.wati.io/307099/api/v1/sendTemplateMessage?whatsappNumber=916264460405",
  "payload": {
    "template_name": "zoff_po",
    "broadcast_name": "PO_Issue",
    "parameters": [
      {
        "name": "supplier_name",
        "value": "Ankit"
      },
      {
        "name": "po_number",
        "value": "GVYJ-/BNHDNMDK"
      },
      {
        "name": "material_name",
        "value": "steel"
      },
      {
        "name": "quantity",
        "value": "4650 Kg"
      },
      {
        "name": "delivery_date",
        "value": "02/02/2026 12:00 AM"
      }
    ]
  }
}

[2026-02-02T06:46:35.142Z]
{
  "step": "RESPONSE",
  "status": 200,
  "data": {
    "result": true,
    "phone_number": "916264460405",
    "template_name": "zoff_po",
    "parameteres": [
      {
        "name": "supplier_name",
        "value": "Ankit"
      },
      {
        "name": "po_number",
        "value": "GVYJ-/BNHDNMDK"
      },
      {
        "name": "material_name",
        "value": "steel"
      },
      {
        "name": "quantity",
        "value": "4650 Kg"
      },
      {
        "name": "delivery_date",
        "value": "02/02/2026 12:00 AM"
      }
    ],
    "contact": {
      "id": "690898429e403e418848bd4c",
      "tenantId": "307099",
      "wAid": "916264460405",
      "firstName": "Ankit Dewangan",
      "fullName": "Ankit Dewangan",
      "phone": "916264460405",
      "source": "Wati",
      "contactStatus": "VALID",
      "photo": null,
      "created": "Nov-03-2025",
      "customParams": [
        {
          "name": "name",
          "value": "Ankit Dewangan"
        },
        {
          "name": "phone",
          "value": "916264460405"
        },
        {
          "name": "location",
          "value": "Raipur"
        },
        {
          "name": "totaltask",
          "value": "5"
        },
        {
          "name": "totalpending",
          "value": "1"
        },
        {
          "name": "todaytask",
          "value": "2"
        },
        {
          "name": "applink",
          "value": "https://checklist-and-delegation.vercel.app/"
        },
        {
          "name": "given_by",
          "value": "Head of Department"
        },
        {
          "name": "task_description",
          "value": "new demo task"
        },
        {
          "name": "end_date",
          "value": "Sat Nov 08 2025 00:00:00 GMT+0530 (India Standard Time)"
        },
        {
          "name": "app_link",
          "value": "https://checklist-and-delegation.vercel.app/"
        },
        {
          "name": "timestamp",
          "value": "Sat Nov 15 2025 15:46:09 GMT+0530 (India Standard Time)"
        },
        {
          "name": "inden_number",
          "value": "IN-002"
        },
        {
          "name": "product_no",
          "value": "1"
        },
        {
          "name": "supplier_name",
          "value": "Ankit"
        },
        {
          "name": "material_name",
          "value": "asd"
        },
        {
          "name": "po_number",
          "value": "2EDRFR12/C52DE"
        },
        {
          "name": "quantity",
          "value": "154 bag"
        },
        {
          "name": "rate",
          "value": "12"
        },
        {
          "name": "delivery_date",
          "value": "20/11/2025"
        },
        {
          "name": "planned1",
          "value": "Sat Nov 15 2025 16:46:09 GMT+0530 (India Standard Time)"
        },
        {
          "name": "actual1",
          "value": "Sat Nov 15 2025 16:43:22 GMT+0530 (India Standard Time)"
        },
        {
          "name": "issue_date",
          "value": "20/11/2025"
        },
        {
          "name": "supplier_contact",
          "value": "6264460405"
        },
        {
          "name": "mode_of_send",
          "value": "WhatsApp"
        },
        {
          "name": "po_attachment",
          "value": "https://drive.google.com/file/d/1Rpoh9ciZGN5Ao2dx6IyvrTgpXfjpU7EU/view?usp=sharing"
        },
        {
          "name": "documentsname",
          "value": "Ankit"
        },
        {
          "name": "documenttype",
          "value": "Invoice"
        },
        {
          "name": "category",
          "value": "Personal"
        },
        {
          "name": "image",
          "value": "https://drive.google.com/uc?export=view&id=1bpjwEvknm9qQbRWcEia5cYr1J62oVuhO"
        },
        {
          "name": "mobile_no_",
          "value": "6264460405"
        }
      ],
      "originalCustomParams": null,
      "importTaskId": null,
      "updatedFromImport": false,
      "optedIn": false,
      "isDeleted": false,
      "lastUpdated": "2026-01-15T12:13:21.993Z",
      "allowBroadcast": true,
      "allowSMS": true,
      "teamIds": [
        "65f03a3d271729e5086995dc"
      ],
      "isInFlow": false,
      "isInTestFlow": false,
      "lastFlowId": null,
      "currentFlowNodeId": null,
      "selectedHubspotId": null,
      "channelId": null,
      "displayId": null,
      "contactLinkId": null,
      "waChannelPhone": null,
      "igPhoneSource": 0,
      "mgPhoneSource": 0,
      "rcsPhoneSource": 0,
      "tagName": null,
      "messengerPageName": "",
      "paylinkSettings": null,
      "ctwaFollowUpStatus": 0,
      "ctwaFollowUpCount": 0,
      "ctwaFollowUpNotice": 0,
      "deletedFromSMB": false,
      "segments": [],
      "operatorIds": [],
      "regionCode": "IN",
      "customLabel": null
    },
    "model": {
      "ids": [
        "690898429e403e418848bd4c"
      ]
    },
    "validWhatsAppNumber": true
  }
}

[2026-02-02T11:11:22.691Z]
{
  "step": "REQUEST",
  "url": "https://live-mt-server.wati.io/307099/api/v1/sendTemplateMessage?whatsappNumber=916264460405",
  "payload": {
    "template_name": "zoff_po",
    "broadcast_name": "PO_Issue",
    "parameters": [
      {
        "name": "supplier_name",
        "value": "hhhj"
      },
      {
        "name": "po_number",
        "value": "GHVH"
      },
      {
        "name": "material_name",
        "value": "hhbj"
      },
      {
        "name": "quantity",
        "value": "526 Kg"
      },
      {
        "name": "delivery_date",
        "value": "21/02/2026 12:00 AM"
      }
    ]
  }
}

[2026-02-02T11:11:23.361Z]
{
  "step": "RESPONSE",
  "status": 200,
  "data": {
    "result": true,
    "phone_number": "916264460405",
    "template_name": "zoff_po",
    "parameteres": [
      {
        "name": "supplier_name",
        "value": "hhhj"
      },
      {
        "name": "po_number",
        "value": "GHVH"
      },
      {
        "name": "material_name",
        "value": "hhbj"
      },
      {
        "name": "quantity",
        "value": "526 Kg"
      },
      {
        "name": "delivery_date",
        "value": "21/02/2026 12:00 AM"
      }
    ],
    "contact": {
      "id": "690898429e403e418848bd4c",
      "tenantId": "307099",
      "wAid": "916264460405",
      "firstName": "Ankit Dewangan",
      "fullName": "Ankit Dewangan",
      "phone": "916264460405",
      "source": "Wati",
      "contactStatus": "VALID",
      "photo": null,
      "created": "Nov-03-2025",
      "customParams": [
        {
          "name": "name",
          "value": "Ankit Dewangan"
        },
        {
          "name": "phone",
          "value": "916264460405"
        },
        {
          "name": "location",
          "value": "Raipur"
        },
        {
          "name": "totaltask",
          "value": "5"
        },
        {
          "name": "totalpending",
          "value": "1"
        },
        {
          "name": "todaytask",
          "value": "2"
        },
        {
          "name": "applink",
          "value": "https://checklist-and-delegation.vercel.app/"
        },
        {
          "name": "given_by",
          "value": "Head of Department"
        },
        {
          "name": "task_description",
          "value": "new demo task"
        },
        {
          "name": "end_date",
          "value": "Sat Nov 08 2025 00:00:00 GMT+0530 (India Standard Time)"
        },
        {
          "name": "app_link",
          "value": "https://checklist-and-delegation.vercel.app/"
        },
        {
          "name": "timestamp",
          "value": "Sat Nov 15 2025 15:46:09 GMT+0530 (India Standard Time)"
        },
        {
          "name": "inden_number",
          "value": "IN-002"
        },
        {
          "name": "product_no",
          "value": "1"
        },
        {
          "name": "supplier_name",
          "value": "Ankit"
        },
        {
          "name": "material_name",
          "value": "asd"
        },
        {
          "name": "po_number",
          "value": "2EDRFR12/C52DE"
        },
        {
          "name": "quantity",
          "value": "154 bag"
        },
        {
          "name": "rate",
          "value": "12"
        },
        {
          "name": "delivery_date",
          "value": "20/11/2025"
        },
        {
          "name": "planned1",
          "value": "Sat Nov 15 2025 16:46:09 GMT+0530 (India Standard Time)"
        },
        {
          "name": "actual1",
          "value": "Sat Nov 15 2025 16:43:22 GMT+0530 (India Standard Time)"
        },
        {
          "name": "issue_date",
          "value": "20/11/2025"
        },
        {
          "name": "supplier_contact",
          "value": "6264460405"
        },
        {
          "name": "mode_of_send",
          "value": "WhatsApp"
        },
        {
          "name": "po_attachment",
          "value": "https://drive.google.com/file/d/1Rpoh9ciZGN5Ao2dx6IyvrTgpXfjpU7EU/view?usp=sharing"
        },
        {
          "name": "documentsname",
          "value": "Ankit"
        },
        {
          "name": "documenttype",
          "value": "Invoice"
        },
        {
          "name": "category",
          "value": "Personal"
        },
        {
          "name": "image",
          "value": "https://drive.google.com/uc?export=view&id=1bpjwEvknm9qQbRWcEia5cYr1J62oVuhO"
        },
        {
          "name": "mobile_no_",
          "value": "6264460405"
        }
      ],
      "originalCustomParams": null,
      "importTaskId": null,
      "updatedFromImport": false,
      "optedIn": false,
      "isDeleted": false,
      "lastUpdated": "2026-01-15T12:13:21.993Z",
      "allowBroadcast": true,
      "allowSMS": true,
      "teamIds": [
        "65f03a3d271729e5086995dc"
      ],
      "isInFlow": false,
      "isInTestFlow": false,
      "lastFlowId": null,
      "currentFlowNodeId": null,
      "selectedHubspotId": null,
      "channelId": null,
      "displayId": null,
      "contactLinkId": null,
      "waChannelPhone": null,
      "igPhoneSource": 0,
      "mgPhoneSource": 0,
      "rcsPhoneSource": 0,
      "tagName": null,
      "messengerPageName": "",
      "paylinkSettings": null,
      "ctwaFollowUpStatus": 0,
      "ctwaFollowUpCount": 0,
      "ctwaFollowUpNotice": 0,
      "deletedFromSMB": false,
      "segments": [],
      "operatorIds": [],
      "regionCode": "IN",
      "customLabel": null
    },
    "model": {
      "ids": [
        "690898429e403e418848bd4c"
      ]
    },
    "validWhatsAppNumber": true
  }
}

[2026-02-02T11:16:20.570Z]
{
  "step": "REQUEST",
  "url": "https://live-mt-server.wati.io/307099/api/v1/sendTemplateMessage?whatsappNumber=916264460405",
  "payload": {
    "template_name": "zoff_po",
    "broadcast_name": "PO_Issue",
    "parameters": [
      {
        "name": "supplier_name",
        "value": "hj bhj"
      },
      {
        "name": "po_number",
        "value": "HHJBHJB"
      },
      {
        "name": "material_name",
        "value": "hvhj"
      },
      {
        "name": "quantity",
        "value": "565 Kg"
      },
      {
        "name": "delivery_date",
        "value": "28/02/2026 12:00 AM"
      }
    ]
  }
}

[2026-02-02T11:16:20.973Z]
{
  "step": "RESPONSE",
  "status": 200,
  "data": {
    "result": true,
    "phone_number": "916264460405",
    "template_name": "zoff_po",
    "parameteres": [
      {
        "name": "supplier_name",
        "value": "hj bhj"
      },
      {
        "name": "po_number",
        "value": "HHJBHJB"
      },
      {
        "name": "material_name",
        "value": "hvhj"
      },
      {
        "name": "quantity",
        "value": "565 Kg"
      },
      {
        "name": "delivery_date",
        "value": "28/02/2026 12:00 AM"
      }
    ],
    "contact": {
      "id": "690898429e403e418848bd4c",
      "tenantId": "307099",
      "wAid": "916264460405",
      "firstName": "Ankit Dewangan",
      "fullName": "Ankit Dewangan",
      "phone": "916264460405",
      "source": "Wati",
      "contactStatus": "VALID",
      "photo": null,
      "created": "Nov-03-2025",
      "customParams": [
        {
          "name": "name",
          "value": "Ankit Dewangan"
        },
        {
          "name": "phone",
          "value": "916264460405"
        },
        {
          "name": "location",
          "value": "Raipur"
        },
        {
          "name": "totaltask",
          "value": "5"
        },
        {
          "name": "totalpending",
          "value": "1"
        },
        {
          "name": "todaytask",
          "value": "2"
        },
        {
          "name": "applink",
          "value": "https://checklist-and-delegation.vercel.app/"
        },
        {
          "name": "given_by",
          "value": "Head of Department"
        },
        {
          "name": "task_description",
          "value": "new demo task"
        },
        {
          "name": "end_date",
          "value": "Sat Nov 08 2025 00:00:00 GMT+0530 (India Standard Time)"
        },
        {
          "name": "app_link",
          "value": "https://checklist-and-delegation.vercel.app/"
        },
        {
          "name": "timestamp",
          "value": "Sat Nov 15 2025 15:46:09 GMT+0530 (India Standard Time)"
        },
        {
          "name": "inden_number",
          "value": "IN-002"
        },
        {
          "name": "product_no",
          "value": "1"
        },
        {
          "name": "supplier_name",
          "value": "Ankit"
        },
        {
          "name": "material_name",
          "value": "asd"
        },
        {
          "name": "po_number",
          "value": "2EDRFR12/C52DE"
        },
        {
          "name": "quantity",
          "value": "154 bag"
        },
        {
          "name": "rate",
          "value": "12"
        },
        {
          "name": "delivery_date",
          "value": "20/11/2025"
        },
        {
          "name": "planned1",
          "value": "Sat Nov 15 2025 16:46:09 GMT+0530 (India Standard Time)"
        },
        {
          "name": "actual1",
          "value": "Sat Nov 15 2025 16:43:22 GMT+0530 (India Standard Time)"
        },
        {
          "name": "issue_date",
          "value": "20/11/2025"
        },
        {
          "name": "supplier_contact",
          "value": "6264460405"
        },
        {
          "name": "mode_of_send",
          "value": "WhatsApp"
        },
        {
          "name": "po_attachment",
          "value": "https://drive.google.com/file/d/1Rpoh9ciZGN5Ao2dx6IyvrTgpXfjpU7EU/view?usp=sharing"
        },
        {
          "name": "documentsname",
          "value": "Ankit"
        },
        {
          "name": "documenttype",
          "value": "Invoice"
        },
        {
          "name": "category",
          "value": "Personal"
        },
        {
          "name": "image",
          "value": "https://drive.google.com/uc?export=view&id=1bpjwEvknm9qQbRWcEia5cYr1J62oVuhO"
        },
        {
          "name": "mobile_no_",
          "value": "6264460405"
        }
      ],
      "originalCustomParams": null,
      "importTaskId": null,
      "updatedFromImport": false,
      "optedIn": false,
      "isDeleted": false,
      "lastUpdated": "2026-01-15T12:13:21.993Z",
      "allowBroadcast": true,
      "allowSMS": true,
      "teamIds": [
        "65f03a3d271729e5086995dc"
      ],
      "isInFlow": false,
      "isInTestFlow": false,
      "lastFlowId": null,
      "currentFlowNodeId": null,
      "selectedHubspotId": null,
      "channelId": null,
      "displayId": null,
      "contactLinkId": null,
      "waChannelPhone": null,
      "igPhoneSource": 0,
      "mgPhoneSource": 0,
      "rcsPhoneSource": 0,
      "tagName": null,
      "messengerPageName": "",
      "paylinkSettings": null,
      "ctwaFollowUpStatus": 0,
      "ctwaFollowUpCount": 0,
      "ctwaFollowUpNotice": 0,
      "deletedFromSMB": false,
      "segments": [],
      "operatorIds": [],
      "regionCode": "IN",
      "customLabel": null
    },
    "model": {
      "ids": [
        "690898429e403e418848bd4c"
      ]
    },
    "validWhatsAppNumber": true
  }
}

[2026-02-02T11:24:14.329Z]
{
  "step": "REQUEST",
  "url": "https://live-mt-server.wati.io/307099/api/v1/sendTemplateMessage?whatsappNumber=916264460405",
  "payload": {
    "template_name": "zoff_po",
    "broadcast_name": "PO_Issue",
    "parameters": [
      {
        "name": "supplier_name",
        "value": "c vbnm"
      },
      {
        "name": "po_number",
        "value": "V BGFVB"
      },
      {
        "name": "material_name",
        "value": "cv ghhb"
      },
      {
        "name": "quantity",
        "value": "542 Kg"
      },
      {
        "name": "delivery_date",
        "value": "NaN/NaN/NaN 12:NaN AM"
      }
    ]
  }
}

[2026-02-02T11:24:14.762Z]
{
  "step": "RESPONSE",
  "status": 200,
  "data": {
    "result": true,
    "phone_number": "916264460405",
    "template_name": "zoff_po",
    "parameteres": [
      {
        "name": "supplier_name",
        "value": "c vbnm"
      },
      {
        "name": "po_number",
        "value": "V BGFVB"
      },
      {
        "name": "material_name",
        "value": "cv ghhb"
      },
      {
        "name": "quantity",
        "value": "542 Kg"
      },
      {
        "name": "delivery_date",
        "value": "NaN/NaN/NaN 12:NaN AM"
      }
    ],
    "contact": {
      "id": "690898429e403e418848bd4c",
      "tenantId": "307099",
      "wAid": "916264460405",
      "firstName": "Ankit Dewangan",
      "fullName": "Ankit Dewangan",
      "phone": "916264460405",
      "source": "Wati",
      "contactStatus": "VALID",
      "photo": null,
      "created": "Nov-03-2025",
      "customParams": [
        {
          "name": "name",
          "value": "Ankit Dewangan"
        },
        {
          "name": "phone",
          "value": "916264460405"
        },
        {
          "name": "location",
          "value": "Raipur"
        },
        {
          "name": "totaltask",
          "value": "5"
        },
        {
          "name": "totalpending",
          "value": "1"
        },
        {
          "name": "todaytask",
          "value": "2"
        },
        {
          "name": "applink",
          "value": "https://checklist-and-delegation.vercel.app/"
        },
        {
          "name": "given_by",
          "value": "Head of Department"
        },
        {
          "name": "task_description",
          "value": "new demo task"
        },
        {
          "name": "end_date",
          "value": "Sat Nov 08 2025 00:00:00 GMT+0530 (India Standard Time)"
        },
        {
          "name": "app_link",
          "value": "https://checklist-and-delegation.vercel.app/"
        },
        {
          "name": "timestamp",
          "value": "Sat Nov 15 2025 15:46:09 GMT+0530 (India Standard Time)"
        },
        {
          "name": "inden_number",
          "value": "IN-002"
        },
        {
          "name": "product_no",
          "value": "1"
        },
        {
          "name": "supplier_name",
          "value": "Ankit"
        },
        {
          "name": "material_name",
          "value": "asd"
        },
        {
          "name": "po_number",
          "value": "2EDRFR12/C52DE"
        },
        {
          "name": "quantity",
          "value": "154 bag"
        },
        {
          "name": "rate",
          "value": "12"
        },
        {
          "name": "delivery_date",
          "value": "20/11/2025"
        },
        {
          "name": "planned1",
          "value": "Sat Nov 15 2025 16:46:09 GMT+0530 (India Standard Time)"
        },
        {
          "name": "actual1",
          "value": "Sat Nov 15 2025 16:43:22 GMT+0530 (India Standard Time)"
        },
        {
          "name": "issue_date",
          "value": "20/11/2025"
        },
        {
          "name": "supplier_contact",
          "value": "6264460405"
        },
        {
          "name": "mode_of_send",
          "value": "WhatsApp"
        },
        {
          "name": "po_attachment",
          "value": "https://drive.google.com/file/d/1Rpoh9ciZGN5Ao2dx6IyvrTgpXfjpU7EU/view?usp=sharing"
        },
        {
          "name": "documentsname",
          "value": "Ankit"
        },
        {
          "name": "documenttype",
          "value": "Invoice"
        },
        {
          "name": "category",
          "value": "Personal"
        },
        {
          "name": "image",
          "value": "https://drive.google.com/uc?export=view&id=1bpjwEvknm9qQbRWcEia5cYr1J62oVuhO"
        },
        {
          "name": "mobile_no_",
          "value": "6264460405"
        }
      ],
      "originalCustomParams": null,
      "importTaskId": null,
      "updatedFromImport": false,
      "optedIn": false,
      "isDeleted": false,
      "lastUpdated": "2026-01-15T12:13:21.993Z",
      "allowBroadcast": true,
      "allowSMS": true,
      "teamIds": [
        "65f03a3d271729e5086995dc"
      ],
      "isInFlow": false,
      "isInTestFlow": false,
      "lastFlowId": null,
      "currentFlowNodeId": null,
      "selectedHubspotId": null,
      "channelId": null,
      "displayId": null,
      "contactLinkId": null,
      "waChannelPhone": null,
      "igPhoneSource": 0,
      "mgPhoneSource": 0,
      "rcsPhoneSource": 0,
      "tagName": null,
      "messengerPageName": "",
      "paylinkSettings": null,
      "ctwaFollowUpStatus": 0,
      "ctwaFollowUpCount": 0,
      "ctwaFollowUpNotice": 0,
      "deletedFromSMB": false,
      "segments": [],
      "operatorIds": [],
      "regionCode": "IN",
      "customLabel": null
    },
    "model": {
      "ids": [
        "690898429e403e418848bd4c"
      ]
    },
    "validWhatsAppNumber": true
  }
}

[2026-02-02T11:28:56.485Z]
{
  "step": "REQUEST",
  "url": "https://live-mt-server.wati.io/307099/api/v1/sendTemplateMessage?whatsappNumber=916264460405",
  "payload": {
    "template_name": "zoff_po",
    "broadcast_name": "PO_Issue",
    "parameters": [
      {
        "name": "supplier_name",
        "value": "cfvbnm,"
      },
      {
        "name": "po_number",
        "value": "VBNV BBH"
      },
      {
        "name": "material_name",
        "value": "gvh"
      },
      {
        "name": "quantity",
        "value": "55 Kg"
      },
      {
        "name": "delivery_date",
        "value": "06/02/2026 4:58 PM"
      }
    ]
  }
}

[2026-02-02T11:28:56.847Z]
{
  "step": "RESPONSE",
  "status": 200,
  "data": {
    "result": true,
    "phone_number": "916264460405",
    "template_name": "zoff_po",
    "parameteres": [
      {
        "name": "supplier_name",
        "value": "cfvbnm,"
      },
      {
        "name": "po_number",
        "value": "VBNV BBH"
      },
      {
        "name": "material_name",
        "value": "gvh"
      },
      {
        "name": "quantity",
        "value": "55 Kg"
      },
      {
        "name": "delivery_date",
        "value": "06/02/2026 4:58 PM"
      }
    ],
    "contact": {
      "id": "690898429e403e418848bd4c",
      "tenantId": "307099",
      "wAid": "916264460405",
      "firstName": "Ankit Dewangan",
      "fullName": "Ankit Dewangan",
      "phone": "916264460405",
      "source": "Wati",
      "contactStatus": "VALID",
      "photo": null,
      "created": "Nov-03-2025",
      "customParams": [
        {
          "name": "name",
          "value": "Ankit Dewangan"
        },
        {
          "name": "phone",
          "value": "916264460405"
        },
        {
          "name": "location",
          "value": "Raipur"
        },
        {
          "name": "totaltask",
          "value": "5"
        },
        {
          "name": "totalpending",
          "value": "1"
        },
        {
          "name": "todaytask",
          "value": "2"
        },
        {
          "name": "applink",
          "value": "https://checklist-and-delegation.vercel.app/"
        },
        {
          "name": "given_by",
          "value": "Head of Department"
        },
        {
          "name": "task_description",
          "value": "new demo task"
        },
        {
          "name": "end_date",
          "value": "Sat Nov 08 2025 00:00:00 GMT+0530 (India Standard Time)"
        },
        {
          "name": "app_link",
          "value": "https://checklist-and-delegation.vercel.app/"
        },
        {
          "name": "timestamp",
          "value": "Sat Nov 15 2025 15:46:09 GMT+0530 (India Standard Time)"
        },
        {
          "name": "inden_number",
          "value": "IN-002"
        },
        {
          "name": "product_no",
          "value": "1"
        },
        {
          "name": "supplier_name",
          "value": "Ankit"
        },
        {
          "name": "material_name",
          "value": "asd"
        },
        {
          "name": "po_number",
          "value": "2EDRFR12/C52DE"
        },
        {
          "name": "quantity",
          "value": "154 bag"
        },
        {
          "name": "rate",
          "value": "12"
        },
        {
          "name": "delivery_date",
          "value": "20/11/2025"
        },
        {
          "name": "planned1",
          "value": "Sat Nov 15 2025 16:46:09 GMT+0530 (India Standard Time)"
        },
        {
          "name": "actual1",
          "value": "Sat Nov 15 2025 16:43:22 GMT+0530 (India Standard Time)"
        },
        {
          "name": "issue_date",
          "value": "20/11/2025"
        },
        {
          "name": "supplier_contact",
          "value": "6264460405"
        },
        {
          "name": "mode_of_send",
          "value": "WhatsApp"
        },
        {
          "name": "po_attachment",
          "value": "https://drive.google.com/file/d/1Rpoh9ciZGN5Ao2dx6IyvrTgpXfjpU7EU/view?usp=sharing"
        },
        {
          "name": "documentsname",
          "value": "Ankit"
        },
        {
          "name": "documenttype",
          "value": "Invoice"
        },
        {
          "name": "category",
          "value": "Personal"
        },
        {
          "name": "image",
          "value": "https://drive.google.com/uc?export=view&id=1bpjwEvknm9qQbRWcEia5cYr1J62oVuhO"
        },
        {
          "name": "mobile_no_",
          "value": "6264460405"
        }
      ],
      "originalCustomParams": null,
      "importTaskId": null,
      "updatedFromImport": false,
      "optedIn": false,
      "isDeleted": false,
      "lastUpdated": "2026-01-15T12:13:21.993Z",
      "allowBroadcast": true,
      "allowSMS": true,
      "teamIds": [
        "65f03a3d271729e5086995dc"
      ],
      "isInFlow": false,
      "isInTestFlow": false,
      "lastFlowId": null,
      "currentFlowNodeId": null,
      "selectedHubspotId": null,
      "channelId": null,
      "displayId": null,
      "contactLinkId": null,
      "waChannelPhone": null,
      "igPhoneSource": 0,
      "mgPhoneSource": 0,
      "rcsPhoneSource": 0,
      "tagName": null,
      "messengerPageName": "",
      "paylinkSettings": null,
      "ctwaFollowUpStatus": 0,
      "ctwaFollowUpCount": 0,
      "ctwaFollowUpNotice": 0,
      "deletedFromSMB": false,
      "segments": [],
      "operatorIds": [],
      "regionCode": "IN",
      "customLabel": null
    },
    "model": {
      "ids": [
        "690898429e403e418848bd4c"
      ]
    },
    "validWhatsAppNumber": true
  }
}
